Babel==2.3.3
Django==1.8.2
Jinja2==2.8
MarkupSafe==0.23
Pillow==3.1.1
PyYAML==3.11
Pygments==2.1.3
Sphinx==1.4.1
Werkzeug==0.11.5
alabaster==0.7.7
argparse==1.2.1
contextlib2==0.5.1
decorator==4.0.9
django-extensions==1.5.5
docutils==0.12
hieroglyph==0.7.1
imagesize==0.7.0
ipdb==0.9.0
ipython==3.2.0
ipython-genutils==0.1.0
nsenter==0.2
path.py==8.1.2
pathlib==1.0.1
pexpect==4.0.1
pickleshare==0.6
ptyprocess==0.5.1
python-ctags==1.0.5
pytz==2016.3
simplegeneric==0.8.1
six==1.9.0
snowballstemmer==1.2.1
traitlets==4.1.0
wsgiref==0.1.2
